<?xml version="1.0" encoding="UTF-8"?>
<!-- Generated by org.testng.reporters.JUnitReportReporter -->
<testsuite skipped="0" hostname="Islam-PC" name="sTest.Man" tests="1" failures="0" timestamp="15 Nov 2016 03:07:54 GMT" time="12.884" errors="0">
  <testcase name="t" time="12.884" classname="sTest.Man"/>
</testsuite> <!-- sTest.Man -->
