<?xml version="1.0" encoding="UTF-8"?>
<!-- Generated by org.testng.reporters.JUnitReportReporter -->
<testsuite skipped="0" hostname="Islam-PC" name="test.Man" tests="1" failures="0" timestamp="15 Nov 2016 02:58:00 GMT" time="14.331" errors="0">
  <testcase name="t" time="14.331" classname="test.Man"/>
</testsuite> <!-- test.Man -->
