<?xml version="1.0" encoding="UTF-8"?>
<!-- Generated by org.testng.reporters.JUnitReportReporter -->
<testsuite hostname="Islam-PC" name="sTest.Man" tests="1" failures="0" timestamp="15 Nov 2016 03:25:13 GMT" time="19.095" errors="0">
  <testcase name="t" time="19.095" classname="sTest.Man"/>
</testsuite> <!-- sTest.Man -->
