<?xml version="1.0" encoding="UTF-8"?>
<!-- Generated by org.testng.reporters.JUnitReportReporter -->
<testsuite hostname="Islam-PC" name="sTest.ManBase" tests="1" failures="0" timestamp="15 Nov 2016 03:20:55 GMT" time="24.476" errors="0">
  <testcase name="t" time="24.476" classname="sTest.ManBase"/>
</testsuite> <!-- sTest.ManBase -->
